Lat: None, Lon: None
Query: 
        [out:json][timeout:30];
        area["name"="Manali"]->.a;
        node["name"="Manali"]["place"]->.n;
        (
          node["tourism"~"attraction|museum|viewpoint|monument"](area.a);
          way["tourism"~"attraction|museum|viewpoint|monument"](area.a);
          node["tourism"~"attraction|museum|viewpoint|monument"](around.n:15000);
          way["tourism"~"attraction|museum|viewpoint|monument"](around.n:15000);
        );
        out center;
        
Response status: 429
Response text: <?xml version="1.0" encoding="UTF-8"?>
<!DOCTYPE html PUBLIC "-//W3C//DTD XHTML 1.0 Strict//EN"
    "http://www.w3.org/TR/xhtml1/DTD/xhtml1-strict.dtd">
<html xmlns="http://www.w3.org/1999/xhtml" xml:lang="en" lang="en">
<head>
  <meta http-equiv="content-type" content="text/html; charset=utf-8" lang="en"/>
  <title>OSM3S Response</title>
</head>
<body>

<p>The data included in this document is from www.openstreetmap.org. The data is made available under ODbL.</p>
<p><strong style="color:#FF0000">Error</strong>: runtime error: open64: 0 Success /osm3s_osm_base Dispatcher_Client::request_read_and_idx::rate_limited. Please check /api/status for the quota of your IP address. </p>

</body>
</html>

Exception: 429 Client Error: Too Many Requests for url: https://overpass-api.de/api/interpreter
